{"__type":"$$EventMessageWorkflow","id":"ceab66e9-6a75-4fb8-8326-761ba724fbc8","ts":"2025-09-03T01:17:53.028+00:00","eventName":"n8n.workflow.started","message":"n8n.workflow.started","payload":{"executionId":"5","workflowId":"ez7xhtNDb2XyZBsr","isManual":false,"workflowName":"8-fgure-challenge-workflow"}}
{"__type":"$$EventMessageConfirm","confirm":"ceab66e9-6a75-4fb8-8326-761ba724fbc8","ts":"2025-09-03T01:17:53.029+00:00","source":{"id":"0","name":"eventBus"}}
{"__type":"$$EventMessageNode","id":"f0db0a1a-f379-48ec-ab8a-126cd55d1199","ts":"2025-09-03T01:17:53.030+00:00","eventName":"n8n.node.started","message":"n8n.node.started","payload":{"workflowId":"ez7xhtNDb2XyZBsr","workflowName":"8-fgure-challenge-workflow","executionId":"5","nodeType":"n8n-nodes-base.manualTrigger","nodeName":"When clicking ‘Execute workflow’","nodeId":"500f0fe6-404f-4247-aa1f-af49f388fd71"}}
{"__type":"$$EventMessageConfirm","confirm":"f0db0a1a-f379-48ec-ab8a-126cd55d1199","ts":"2025-09-03T01:17:53.030+00:00","source":{"id":"0","name":"eventBus"}}
{"__type":"$$EventMessageNode","id":"6c972fee-a468-452b-89df-fb5c10141b55","ts":"2025-09-03T01:17:53.035+00:00","eventName":"n8n.node.finished","message":"n8n.node.finished","payload":{"workflowId":"ez7xhtNDb2XyZBsr","workflowName":"8-fgure-challenge-workflow","executionId":"5","nodeType":"n8n-nodes-base.manualTrigger","nodeName":"When clicking ‘Execute workflow’","nodeId":"500f0fe6-404f-4247-aa1f-af49f388fd71"}}
{"__type":"$$EventMessageConfirm","confirm":"6c972fee-a468-452b-89df-fb5c10141b55","ts":"2025-09-03T01:17:53.035+00:00","source":{"id":"0","name":"eventBus"}}
{"__type":"$$EventMessageNode","id":"fe8aa51c-e44d-4d8e-8657-c5618a24883d","ts":"2025-09-03T01:17:53.036+00:00","eventName":"n8n.node.started","message":"n8n.node.started","payload":{"workflowId":"ez7xhtNDb2XyZBsr","workflowName":"8-fgure-challenge-workflow","executionId":"5","nodeType":"n8n-nodes-base.httpRequest","nodeName":"HTTP Request","nodeId":"b4123e43-5576-4c3c-ad07-db315e905724"}}
{"__type":"$$EventMessageConfirm","confirm":"fe8aa51c-e44d-4d8e-8657-c5618a24883d","ts":"2025-09-03T01:17:53.036+00:00","source":{"id":"0","name":"eventBus"}}
{"__type":"$$EventMessageNode","id":"5c802180-c5e3-4fd7-bbb2-9712a48af06a","ts":"2025-09-03T01:17:53.409+00:00","eventName":"n8n.node.finished","message":"n8n.node.finished","payload":{"workflowId":"ez7xhtNDb2XyZBsr","workflowName":"8-fgure-challenge-workflow","executionId":"5","nodeType":"n8n-nodes-base.httpRequest","nodeName":"HTTP Request","nodeId":"b4123e43-5576-4c3c-ad07-db315e905724"}}
{"__type":"$$EventMessageConfirm","confirm":"5c802180-c5e3-4fd7-bbb2-9712a48af06a","ts":"2025-09-03T01:17:53.409+00:00","source":{"id":"0","name":"eventBus"}}
{"__type":"$$EventMessageNode","id":"0546c383-6bdb-4b55-b963-fda8cbf90251","ts":"2025-09-03T01:17:53.412+00:00","eventName":"n8n.node.started","message":"n8n.node.started","payload":{"workflowId":"ez7xhtNDb2XyZBsr","workflowName":"8-fgure-challenge-workflow","executionId":"5","nodeType":"n8n-nodes-base.code","nodeName":"Code","nodeId":"11f1bb7f-8a91-4d08-b68c-9e2a6f3b9891"}}
{"__type":"$$EventMessageConfirm","confirm":"0546c383-6bdb-4b55-b963-fda8cbf90251","ts":"2025-09-03T01:17:53.412+00:00","source":{"id":"0","name":"eventBus"}}
{"__type":"$$EventMessageNode","id":"54b11e6f-c2f2-4b1f-aa9b-9e4f3f9c064e","ts":"2025-09-02T22:17:55.541-03:00","eventName":"n8n.node.finished","message":"n8n.node.finished","payload":{"workflowId":"ez7xhtNDb2XyZBsr","workflowName":"8-fgure-challenge-workflow","executionId":"5","nodeType":"n8n-nodes-base.code","nodeName":"Code","nodeId":"11f1bb7f-8a91-4d08-b68c-9e2a6f3b9891"}}
{"__type":"$$EventMessageConfirm","confirm":"54b11e6f-c2f2-4b1f-aa9b-9e4f3f9c064e","ts":"2025-09-02T22:17:55.541-03:00","source":{"id":"0","name":"eventBus"}}
{"__type":"$$EventMessageWorkflow","id":"c8306cbe-18bc-4f20-a409-f66e041e5127","ts":"2025-09-02T22:17:55.557-03:00","eventName":"n8n.workflow.success","message":"n8n.workflow.success","payload":{"userId":"da131494-7ba3-43c7-89c9-93d2218aa1ce","executionId":"5","success":true,"isManual":true,"workflowId":"ez7xhtNDb2XyZBsr","workflowName":"8-fgure-challenge-workflow"}}
{"__type":"$$EventMessageConfirm","confirm":"c8306cbe-18bc-4f20-a409-f66e041e5127","ts":"2025-09-02T22:17:55.557-03:00","source":{"id":"0","name":"eventBus"}}
{"__type":"$$EventMessageWorkflow","id":"69556b4a-7894-4393-8a13-9d5b10be2e26","ts":"2025-09-02T22:28:07.569-03:00","eventName":"n8n.workflow.started","message":"n8n.workflow.started","payload":{"executionId":"6","workflowId":"ez7xhtNDb2XyZBsr","isManual":false,"workflowName":"8-fgure-challenge-workflow"}}
{"__type":"$$EventMessageConfirm","confirm":"69556b4a-7894-4393-8a13-9d5b10be2e26","ts":"2025-09-02T22:28:07.569-03:00","source":{"id":"0","name":"eventBus"}}
{"__type":"$$EventMessageNode","id":"482107ab-f72a-4f27-ad1d-6d1a5538b7a6","ts":"2025-09-02T22:28:07.613-03:00","eventName":"n8n.node.started","message":"n8n.node.started","payload":{"workflowId":"ez7xhtNDb2XyZBsr","workflowName":"8-fgure-challenge-workflow","executionId":"6","nodeType":"n8n-nodes-base.postgres","nodeName":"Insert or update rows in a table","nodeId":"5b14ed00-2a92-45f5-b6d6-328213baf0cf"}}
{"__type":"$$EventMessageConfirm","confirm":"482107ab-f72a-4f27-ad1d-6d1a5538b7a6","ts":"2025-09-02T22:28:07.613-03:00","source":{"id":"0","name":"eventBus"}}
{"__type":"$$EventMessageNode","id":"0c2aa2d9-f353-489a-a5c6-55d316e0aff1","ts":"2025-09-02T22:28:07.623-03:00","eventName":"n8n.node.finished","message":"n8n.node.finished","payload":{"workflowId":"ez7xhtNDb2XyZBsr","workflowName":"8-fgure-challenge-workflow","executionId":"6","nodeType":"n8n-nodes-base.postgres","nodeName":"Insert or update rows in a table","nodeId":"5b14ed00-2a92-45f5-b6d6-328213baf0cf"}}
{"__type":"$$EventMessageConfirm","confirm":"0c2aa2d9-f353-489a-a5c6-55d316e0aff1","ts":"2025-09-02T22:28:07.624-03:00","source":{"id":"0","name":"eventBus"}}
{"__type":"$$EventMessageWorkflow","id":"33c63d52-094c-46b1-a835-f61a1aea8400","ts":"2025-09-02T22:28:07.628-03:00","eventName":"n8n.workflow.failed","message":"n8n.workflow.failed","payload":{"userId":"da131494-7ba3-43c7-89c9-93d2218aa1ce","executionId":"6","success":false,"isManual":true,"workflowId":"ez7xhtNDb2XyZBsr","workflowName":"8-fgure-challenge-workflow","lastNodeExecuted":"Insert or update rows in a table","errorMessage":"connect ECONNREFUSED ::1:5432"}}
{"__type":"$$EventMessageConfirm","confirm":"33c63d52-094c-46b1-a835-f61a1aea8400","ts":"2025-09-02T22:28:07.628-03:00","source":{"id":"0","name":"eventBus"}}
{"__type":"$$EventMessageAudit","id":"926e0042-52d3-4372-b860-a0156f0ca4d2","ts":"2025-09-02T22:28:33.478-03:00","eventName":"n8n.audit.user.credentials.created","message":"n8n.audit.user.credentials.created","payload":{"userId":"da131494-7ba3-43c7-89c9-93d2218aa1ce","_email":"alexandrepfurlan@gmail.com","_firstName":"ALEXANDRE","_lastName":"FURLAN","globalRole":"global:owner","credentialType":"postgres","credentialId":"lGgU2n0iORjCscVz","publicApi":false,"projectId":"bl8VgkC0BHmuiobo","projectType":"personal"}}
{"__type":"$$EventMessageConfirm","confirm":"926e0042-52d3-4372-b860-a0156f0ca4d2","ts":"2025-09-02T22:28:33.478-03:00","source":{"id":"0","name":"eventBus"}}
{"__type":"$$EventMessageAudit","id":"6a97eae8-0012-43c6-9a31-26fb5c4895d2","ts":"2025-09-02T22:29:27.688-03:00","eventName":"n8n.audit.user.credentials.deleted","message":"n8n.audit.user.credentials.deleted","payload":{"userId":"da131494-7ba3-43c7-89c9-93d2218aa1ce","_email":"alexandrepfurlan@gmail.com","_firstName":"ALEXANDRE","_lastName":"FURLAN","globalRole":"global:owner","credentialType":"postgres","credentialId":"RVlxOdO1v8NvNi8K"}}
{"__type":"$$EventMessageConfirm","confirm":"6a97eae8-0012-43c6-9a31-26fb5c4895d2","ts":"2025-09-02T22:29:27.688-03:00","source":{"id":"0","name":"eventBus"}}
{"__type":"$$EventMessageAudit","id":"c0757d42-74cd-4326-8e68-f5a6018f6587","ts":"2025-09-02T22:29:31.617-03:00","eventName":"n8n.audit.user.credentials.deleted","message":"n8n.audit.user.credentials.deleted","payload":{"userId":"da131494-7ba3-43c7-89c9-93d2218aa1ce","_email":"alexandrepfurlan@gmail.com","_firstName":"ALEXANDRE","_lastName":"FURLAN","globalRole":"global:owner","credentialType":"postgres","credentialId":"lGgU2n0iORjCscVz"}}
{"__type":"$$EventMessageConfirm","confirm":"c0757d42-74cd-4326-8e68-f5a6018f6587","ts":"2025-09-02T22:29:31.617-03:00","source":{"id":"0","name":"eventBus"}}
{"__type":"$$EventMessageAudit","id":"778a3f59-7e71-4e74-8639-6ae09191cdbf","ts":"2025-09-02T22:29:50.237-03:00","eventName":"n8n.audit.user.credentials.created","message":"n8n.audit.user.credentials.created","payload":{"userId":"da131494-7ba3-43c7-89c9-93d2218aa1ce","_email":"alexandrepfurlan@gmail.com","_firstName":"ALEXANDRE","_lastName":"FURLAN","globalRole":"global:owner","credentialType":"postgres","credentialId":"UgP6TXg0qtmKw0Ii","publicApi":false,"projectId":"bl8VgkC0BHmuiobo","projectType":"personal"}}
{"__type":"$$EventMessageConfirm","confirm":"778a3f59-7e71-4e74-8639-6ae09191cdbf","ts":"2025-09-02T22:29:50.237-03:00","source":{"id":"0","name":"eventBus"}}
